

Started GET "/assets/rails.png" for 127.0.0.1 at Sun Dec 04 09:57:06 -0800 2011
Served asset /rails.png - 200 OK (3ms)


Started GET "/assets/rails.png" for 127.0.0.1 at Sun Dec 04 17:06:36 -0800 2011
Served asset /rails.png - 304 Not Modified (9ms)


Started GET "/" for 127.0.0.1 at Sun Dec 04 17:07:12 -0800 2011

ActionController::RoutingError (No route matches [GET] "/"):
  

Rendered /Library/Ruby/Gems/1.8/gems/actionpack-3.1.3/lib/action_dispatch/middleware/templates/rescues/routing_error.erb within rescues/layout (7.9ms)


Started GET "/" for 127.0.0.1 at Sun Dec 04 17:09:41 -0800 2011

ActionController::RoutingError (No route matches [GET] "/"):
  

Rendered /Library/Ruby/Gems/1.8/gems/actionpack-3.1.3/lib/action_dispatch/middleware/templates/rescues/routing_error.erb within rescues/layout (0.4ms)


Started GET "/" for 127.0.0.1 at Sun Dec 04 17:09:45 -0800 2011

ActionController::RoutingError (No route matches [GET] "/"):
  

Rendered /Library/Ruby/Gems/1.8/gems/actionpack-3.1.3/lib/action_dispatch/middleware/templates/rescues/routing_error.erb within rescues/layout (0.5ms)


Started GET "/" for 127.0.0.1 at Sun Dec 04 17:10:04 -0800 2011
  Processing by HomeController#index as HTML
Rendered home/index.html.erb within layouts/application (0.2ms)
Compiled application.css  (9ms)  (pid 9591)
Compiled home.css  (11ms)  (pid 9591)
Compiled application.js  (7ms)  (pid 9591)
Compiled jquery.js  (16ms)  (pid 9591)
Compiled jquery_ujs.js  (2ms)  (pid 9591)
Compiled home.js  (238ms)  (pid 9591)
Completed 200 OK in 375ms (Views: 375.0ms | ActiveRecord: 0.0ms)


Started GET "/assets/home.css?body=1" for 127.0.0.1 at Sun Dec 04 17:10:04 -0800 2011
Served asset /home.css - 200 OK (4ms)


Started GET "/assets/home.js?body=1" for 127.0.0.1 at Sun Dec 04 17:10:04 -0800 2011
Served asset /home.js - 200 OK (2ms)


Started GET "/assets/application.css?body=1" for 127.0.0.1 at Sun Dec 04 17:10:04 -0800 2011
Served asset /application.css - 200 OK (0ms)


Started GET "/assets/jquery.js?body=1" for 127.0.0.1 at Sun Dec 04 17:10:04 -0800 2011
Served asset /jquery.js - 200 OK (4ms)


Started GET "/assets/application.js?body=1" for 127.0.0.1 at Sun Dec 04 17:10:04 -0800 2011
Served asset /application.js - 200 OK (0ms)


Started GET "/assets/jquery_ujs.js?body=1" for 127.0.0.1 at Sun Dec 04 17:10:04 -0800 2011
Served asset /jquery_ujs.js - 200 OK (4ms)


Started GET "/" for 127.0.0.1 at Sun Dec 04 17:10:17 -0800 2011
  Processing by HomeController#index as HTML
Rendered home/index.html.erb within layouts/application (1.9ms)
Completed 200 OK in 66ms (Views: 65.7ms | ActiveRecord: 0.0ms)


Started GET "/assets/jquery.js?body=1" for 127.0.0.1 at Sun Dec 04 17:10:17 -0800 2011
Served asset /jquery.js - 304 Not Modified (4ms)


Started GET "/assets/home.css?body=1" for 127.0.0.1 at Sun Dec 04 17:10:17 -0800 2011
Served asset /home.css - 304 Not Modified (3ms)


Started GET "/assets/application.css?body=1" for 127.0.0.1 at Sun Dec 04 17:10:17 -0800 2011
Served asset /application.css - 304 Not Modified (0ms)


Started GET "/assets/jquery_ujs.js?body=1" for 127.0.0.1 at Sun Dec 04 17:10:17 -0800 2011
Served asset /jquery_ujs.js - 304 Not Modified (2ms)


Started GET "/assets/home.js?body=1" for 127.0.0.1 at Sun Dec 04 17:10:17 -0800 2011
Served asset /home.js - 304 Not Modified (1ms)


Started GET "/assets/application.js?body=1" for 127.0.0.1 at Sun Dec 04 17:10:17 -0800 2011
Served asset /application.js - 304 Not Modified (0ms)
